Using pre-set license
Built from '2020.3/staging' branch; Version is '2020.3.5f1 (8095aa901b9b) revision 8426922'; Using compiler version '192528614'; Build Type 'Release'
OS: 'Windows 10 Education; OS build 19042.508; Version 2009; 64bit' Language: 'en' Physical Memory: 32700 MB
BatchMode: 1, IsHumanControllingUs: 0, StartBugReporterOnCrash: 0, Is64bit: 1, IsPro: 0

 COMMAND LINE ARGUMENTS:
C:\Program Files\Unity\Hub\Editor\2020.3.5f1\Editor\Unity.exe
-adb2
-batchMode
-noUpm
-name
AssetImportWorker0
-projectPath
C:/Users/lodis.perkins/Documents/GitHub/Unity-EventSystem
-logFile
Logs/AssetImportWorker0.log
-srvPort
60858
Successfully changed project path to: C:/Users/lodis.perkins/Documents/GitHub/Unity-EventSystem
C:/Users/lodis.perkins/Documents/GitHub/Unity-EventSystem
Using Asset Import Pipeline V2.
Refreshing native plugins compatible for Editor in 38.17 ms, found 0 plugins.
Preloading 0 native plugins for Editor in 0.00 ms.
Initialize engine version: 2020.3.5f1 (8095aa901b9b)
[Subsystems] Discovering subsystems at path C:/Program Files/Unity/Hub/Editor/2020.3.5f1/Editor/Data/Resources/UnitySubsystems
[Subsystems] Discovering subsystems at path C:/Users/lodis.perkins/Documents/GitHub/Unity-EventSystem/Assets
GfxDevice: creating device client; threaded=0
Direct3D:
    Version:  Direct3D 11.0 [level 11.1]
    Renderer: NVIDIA GeForce GTX 1070 (ID=0x1b81)
    Vendor:   
    VRAM:     8088 MB
    Driver:   27.21.14.5698
Initialize mono
Mono path[0] = 'C:/Program Files/Unity/Hub/Editor/2020.3.5f1/Editor/Data/Managed'
Mono path[1] = 'C:/Program Files/Unity/Hub/Editor/2020.3.5f1/Editor/Data/MonoBleedingEdge/lib/mono/unityjit'
Mono config path = 'C:/Program Files/Unity/Hub/Editor/2020.3.5f1/Editor/Data/MonoBleedingEdge/etc'
Using monoOptions --debugger-agent=transport=dt_socket,embedding=1,server=y,suspend=n,address=127.0.0.1:56308
Begin MonoManager ReloadAssembly
Registering precompiled unity dll's ...
Register platform support module: C:/Program Files/Unity/Hub/Editor/2020.3.5f1/Editor/Data/PlaybackEngines/WebGLSupport/UnityEditor.WebGL.Extensions.dll
Register platform support module: C:/Program Files/Unity/Hub/Editor/2020.3.5f1/Editor/Data/PlaybackEngines/WindowsStandaloneSupport/UnityEditor.WindowsStandalone.Extensions.dll
Registered in 0.001896 seconds.
Native extension for WindowsStandalone target not found
Native extension for WebGL target not found
Refreshing native plugins compatible for Editor in 36.21 ms, found 0 plugins.
Preloading 0 native plugins for Editor in 0.00 ms.
Mono: successfully reloaded assembly
- Completed reload, in  1.331 seconds
Platform modules already initialized, skipping
Registering precompiled user dll's ...
Registered in 0.002044 seconds.
Begin MonoManager ReloadAssembly
Native extension for WindowsStandalone target not found
Native extension for WebGL target not found
Refreshing native plugins compatible for Editor in 0.35 ms, found 0 plugins.
Preloading 0 native plugins for Editor in 0.00 ms.
Mono: successfully reloaded assembly
- Completed reload, in  0.921 seconds
Platform modules already initialized, skipping
========================================================================
Worker process is ready to serve import requests
Launched and connected shader compiler UnityShaderCompiler.exe after 0.05 seconds
Refreshing native plugins compatible for Editor in 0.37 ms, found 0 plugins.
Preloading 0 native plugins for Editor in 0.00 ms.
Unloading 1417 Unused Serialized files (Serialized files now loaded: 0)
System memory in use before: 65.0 MB.
System memory in use after: 65.1 MB.

Unloading 33 unused Assets to reduce memory usage. Loaded Objects now: 1847.
Total: 2.516600 ms (FindLiveObjects: 0.416500 ms CreateObjectMapping: 0.128700 ms MarkObjects: 1.869200 ms  DeleteObjects: 0.100100 ms)

========================================================================
Received Import Request.
  path: Assets/Lodis/CubeBehaviour.cs
  artifactKey: Guid(3cbbc4f1bf8a7a44db38d581ae2e0952) Importer(815301076,1909f56bfc062723c751e8b465ee728b)
Start importing Assets/Lodis/CubeBehaviour.cs using Guid(3cbbc4f1bf8a7a44db38d581ae2e0952) Importer(815301076,1909f56bfc062723c751e8b465ee728b)  -> (artifact id: 'bda65d8b44eca6a3ecdb7832b88341e1') in 0.051246 seconds
  Import took 0.053502 seconds .

========================================================================
Received Import Request.
  Time since last request: 0.000268 seconds.
  path: Assets/Lodis
  artifactKey: Guid(d9d677aab339e27409f4226bfb08e1ed) Importer(815301076,1909f56bfc062723c751e8b465ee728b)
Start importing Assets/Lodis using Guid(d9d677aab339e27409f4226bfb08e1ed) Importer(815301076,1909f56bfc062723c751e8b465ee728b)  -> (artifact id: 'fa759a202ce21baf381fe8679b745ace') in 0.009676 seconds
  Import took 0.011861 seconds .

========================================================================
Received Import Request.
  Time since last request: 0.000212 seconds.
  path: Assets/Lodis/OnLeftClick.asset
  artifactKey: Guid(bbf9ae1552dd4f04f881d8057be4b673) Importer(815301076,1909f56bfc062723c751e8b465ee728b)
Start importing Assets/Lodis/OnLeftClick.asset using Guid(bbf9ae1552dd4f04f881d8057be4b673) Importer(815301076,1909f56bfc062723c751e8b465ee728b)  -> (artifact id: '2bc5952525bb3bb3478081637c31242b') in 0.020346 seconds
  Import took 0.023867 seconds .

========================================================================
Received Import Request.
  Time since last request: 1.884628 seconds.
  path: Assets/Lodis/Event.cs
  artifactKey: Guid(fdfad9df7a659f74c8a9799061666812) Importer(815301076,1909f56bfc062723c751e8b465ee728b)
Start importing Assets/Lodis/Event.cs using Guid(fdfad9df7a659f74c8a9799061666812) Importer(815301076,1909f56bfc062723c751e8b465ee728b)  -> (artifact id: 'db945e3e067864d3df2ded98ab988699') in 0.006179 seconds
  Import took 0.008892 seconds .

========================================================================
Received Import Request.
  Time since last request: 0.001435 seconds.
  path: Assets/Lodis/Event.cs
  artifactKey: Guid(fdfad9df7a659f74c8a9799061666812) Importer(815301076,1909f56bfc062723c751e8b465ee728b)
Start importing Assets/Lodis/Event.cs using Guid(fdfad9df7a659f74c8a9799061666812) Importer(815301076,1909f56bfc062723c751e8b465ee728b)  -> (artifact id: 'db945e3e067864d3df2ded98ab988699') in 0.002027 seconds
  Import took 0.004280 seconds .

========================================================================
Received Import Request.
  Time since last request: 33.520769 seconds.
  path: Assets/Lodis/GameEventListener.cs
  artifactKey: Guid(56d6c3b7dc37d7b479a3d7680de1c4df) Importer(815301076,1909f56bfc062723c751e8b465ee728b)
Start importing Assets/Lodis/GameEventListener.cs using Guid(56d6c3b7dc37d7b479a3d7680de1c4df) Importer(815301076,1909f56bfc062723c751e8b465ee728b)  -> (artifact id: '82ac80cda98faaec83e1703bd59cc95d') in 0.006861 seconds
  Import took 0.009548 seconds .

========================================================================
Received Import Request.
  Time since last request: 0.001135 seconds.
  path: Assets/Lodis/GameEventListener.cs
  artifactKey: Guid(56d6c3b7dc37d7b479a3d7680de1c4df) Importer(815301076,1909f56bfc062723c751e8b465ee728b)
Start importing Assets/Lodis/GameEventListener.cs using Guid(56d6c3b7dc37d7b479a3d7680de1c4df) Importer(815301076,1909f56bfc062723c751e8b465ee728b)  -> (artifact id: '82ac80cda98faaec83e1703bd59cc95d') in 0.002570 seconds
  Import took 0.005473 seconds .

========================================================================
Received Import Request.
  Time since last request: 23.521584 seconds.
  path: Assets/Lodis/GameEventListener.cs
  artifactKey: Guid(56d6c3b7dc37d7b479a3d7680de1c4df) Importer(815301076,1909f56bfc062723c751e8b465ee728b)
Start importing Assets/Lodis/GameEventListener.cs using Guid(56d6c3b7dc37d7b479a3d7680de1c4df) Importer(815301076,1909f56bfc062723c751e8b465ee728b)  -> (artifact id: 'df1d3026945de87cfab258c2b7f2d5ae') in 0.003700 seconds
  Import took 0.007116 seconds .

========================================================================
Received Import Request.
  Time since last request: 6.818171 seconds.
  path: Assets/Lodis/GameEventListener.cs
  artifactKey: Guid(56d6c3b7dc37d7b479a3d7680de1c4df) Importer(815301076,1909f56bfc062723c751e8b465ee728b)
Start importing Assets/Lodis/GameEventListener.cs using Guid(56d6c3b7dc37d7b479a3d7680de1c4df) Importer(815301076,1909f56bfc062723c751e8b465ee728b)  -> (artifact id: '9b5b562e6d8b600542997f8819cd591c') in 0.002831 seconds
  Import took 0.006195 seconds .

========================================================================
Received Import Request.
  Time since last request: 3.813951 seconds.
  path: Assets/Lodis/GameEventListener.cs
  artifactKey: Guid(56d6c3b7dc37d7b479a3d7680de1c4df) Importer(815301076,1909f56bfc062723c751e8b465ee728b)
Start importing Assets/Lodis/GameEventListener.cs using Guid(56d6c3b7dc37d7b479a3d7680de1c4df) Importer(815301076,1909f56bfc062723c751e8b465ee728b)  -> (artifact id: 'f8a13bc1d9efac92f8f2437b5a04576d') in 0.002500 seconds
  Import took 0.005225 seconds .

========================================================================
Received Import Request.
  Time since last request: 6.011019 seconds.
  path: Assets/Lodis/GameEventListener.cs
  artifactKey: Guid(56d6c3b7dc37d7b479a3d7680de1c4df) Importer(815301076,1909f56bfc062723c751e8b465ee728b)
Start importing Assets/Lodis/GameEventListener.cs using Guid(56d6c3b7dc37d7b479a3d7680de1c4df) Importer(815301076,1909f56bfc062723c751e8b465ee728b)  -> (artifact id: 'bcf25e6024e3b16cc50a6d936184a45e') in 0.002968 seconds
  Import took 0.005965 seconds .

========================================================================
Received Import Request.
  Time since last request: 6.406359 seconds.
  path: Assets/Lodis/GameEventListener.cs
  artifactKey: Guid(56d6c3b7dc37d7b479a3d7680de1c4df) Importer(815301076,1909f56bfc062723c751e8b465ee728b)
Start importing Assets/Lodis/GameEventListener.cs using Guid(56d6c3b7dc37d7b479a3d7680de1c4df) Importer(815301076,1909f56bfc062723c751e8b465ee728b)  -> (artifact id: 'bf230e1c2016dc534d6c46c46d00fd16') in 0.003067 seconds
  Import took 0.005737 seconds .

========================================================================
Received Import Request.
  Time since last request: 4.203672 seconds.
  path: Assets/Lodis/GameEventListener.cs
  artifactKey: Guid(56d6c3b7dc37d7b479a3d7680de1c4df) Importer(815301076,1909f56bfc062723c751e8b465ee728b)
Start importing Assets/Lodis/GameEventListener.cs using Guid(56d6c3b7dc37d7b479a3d7680de1c4df) Importer(815301076,1909f56bfc062723c751e8b465ee728b)  -> (artifact id: 'a6cf753cbc231d5fc1bef7b3a5508e62') in 0.003004 seconds
  Import took 0.005928 seconds .

========================================================================
Received Import Request.
  Time since last request: 5.100373 seconds.
  path: Assets/Lodis/GameEventListener.cs
  artifactKey: Guid(56d6c3b7dc37d7b479a3d7680de1c4df) Importer(815301076,1909f56bfc062723c751e8b465ee728b)
Start importing Assets/Lodis/GameEventListener.cs using Guid(56d6c3b7dc37d7b479a3d7680de1c4df) Importer(815301076,1909f56bfc062723c751e8b465ee728b)  -> (artifact id: '28402e5da7c24fab11f30fb703ab02f8') in 0.002924 seconds
  Import took 0.005820 seconds .

========================================================================
Received Import Request.
  Time since last request: 2.100521 seconds.
  path: Assets/Lodis/GameEventListener.cs
  artifactKey: Guid(56d6c3b7dc37d7b479a3d7680de1c4df) Importer(815301076,1909f56bfc062723c751e8b465ee728b)
Start importing Assets/Lodis/GameEventListener.cs using Guid(56d6c3b7dc37d7b479a3d7680de1c4df) Importer(815301076,1909f56bfc062723c751e8b465ee728b)  -> (artifact id: '2a3fab25a10c7941a6562b34cb923672') in 0.002407 seconds
  Import took 0.005222 seconds .

========================================================================
Received Import Request.
  Time since last request: 48.616805 seconds.
  path: Assets/Lodis/GameEventListener.cs
  artifactKey: Guid(56d6c3b7dc37d7b479a3d7680de1c4df) Importer(815301076,1909f56bfc062723c751e8b465ee728b)
Start importing Assets/Lodis/GameEventListener.cs using Guid(56d6c3b7dc37d7b479a3d7680de1c4df) Importer(815301076,1909f56bfc062723c751e8b465ee728b)  -> (artifact id: 'aad7369d1de5f9e9489b9cbd29d77157') in 0.003018 seconds
  Import took 0.006342 seconds .

========================================================================
Received Import Request.
  Time since last request: 2.206531 seconds.
  path: Assets/Lodis/GameEventListener.cs
  artifactKey: Guid(56d6c3b7dc37d7b479a3d7680de1c4df) Importer(815301076,1909f56bfc062723c751e8b465ee728b)
Start importing Assets/Lodis/GameEventListener.cs using Guid(56d6c3b7dc37d7b479a3d7680de1c4df) Importer(815301076,1909f56bfc062723c751e8b465ee728b)  -> (artifact id: 'e276ca092dbefec785e80a0bf296e668') in 0.002705 seconds
  Import took 0.005329 seconds .

========================================================================
Received Import Request.
  Time since last request: 7.008884 seconds.
  path: Assets/Lodis/GameEventListener.cs
  artifactKey: Guid(56d6c3b7dc37d7b479a3d7680de1c4df) Importer(815301076,1909f56bfc062723c751e8b465ee728b)
Start importing Assets/Lodis/GameEventListener.cs using Guid(56d6c3b7dc37d7b479a3d7680de1c4df) Importer(815301076,1909f56bfc062723c751e8b465ee728b)  -> (artifact id: 'fee32b5f3d503576e6fd9ca4ba32ebeb') in 0.002513 seconds
  Import took 0.005813 seconds .

========================================================================
Received Import Request.
  Time since last request: 22.523060 seconds.
  path: Assets/Lodis/GameEventListener.cs
  artifactKey: Guid(56d6c3b7dc37d7b479a3d7680de1c4df) Importer(815301076,1909f56bfc062723c751e8b465ee728b)
Start importing Assets/Lodis/GameEventListener.cs using Guid(56d6c3b7dc37d7b479a3d7680de1c4df) Importer(815301076,1909f56bfc062723c751e8b465ee728b)  -> (artifact id: 'ec5d5dae629caf01d0b45575164f61de') in 0.002419 seconds
  Import took 0.005487 seconds .

========================================================================
Received Import Request.
  Time since last request: 6.320735 seconds.
  path: Assets/Lodis/GameEventListener.cs
  artifactKey: Guid(56d6c3b7dc37d7b479a3d7680de1c4df) Importer(815301076,1909f56bfc062723c751e8b465ee728b)
Start importing Assets/Lodis/GameEventListener.cs using Guid(56d6c3b7dc37d7b479a3d7680de1c4df) Importer(815301076,1909f56bfc062723c751e8b465ee728b)  -> (artifact id: '7b86289a87e968d53028f51e8ff2ce38') in 0.004115 seconds
  Import took 0.007903 seconds .

========================================================================
Received Prepare
Registering precompiled user dll's ...
Registered in 0.002213 seconds.
Begin MonoManager ReloadAssembly
Native extension for WindowsStandalone target not found
Native extension for WebGL target not found
Refreshing native plugins compatible for Editor in 0.37 ms, found 0 plugins.
Preloading 0 native plugins for Editor in 0.00 ms.
Mono: successfully reloaded assembly
- Completed reload, in  0.898 seconds
Platform modules already initialized, skipping
Refreshing native plugins compatible for Editor in 0.47 ms, found 0 plugins.
Preloading 0 native plugins for Editor in 0.00 ms.
Unloading 1411 Unused Serialized files (Serialized files now loaded: 0)
System memory in use before: 64.9 MB.
System memory in use after: 65.0 MB.

Unloading 24 unused Assets to reduce memory usage. Loaded Objects now: 1850.
Total: 1.832900 ms (FindLiveObjects: 0.153500 ms CreateObjectMapping: 0.059500 ms MarkObjects: 1.602300 ms  DeleteObjects: 0.016300 ms)

AssetImportWorkerClient::OnTransportError - code=2 error=End of file
